[2022-08-12 20:14:15] Текст ошибки: Class "mysql_xdevapi\Exception" not found | Файл C:\OpenServer\domains\shop\public\index.php | Строка C:\OpenServer\domains\shop\public\index.php
 =============
[2022-08-12 20:14:35] Текст ошибки: Ошибочка | Файл C:\OpenServer\domains\shop\public\index.php | Строка C:\OpenServer\domains\shop\public\index.php
 =============
[2022-08-12 20:15:49] Текст ошибки: Ошибочка | Файл C:\OpenServer\domains\shop\public\index.php | Строка 10
 =============
[2022-08-12 20:20:27] Текст ошибки: Ошибочка | Файл C:\OpenServer\domains\shop\public\index.php | Строка 10
 =============
[2022-08-12 20:20:30] Текст ошибки: Ошибочка | Файл C:\OpenServer\domains\shop\public\index.php | Строка 10
 =============
[2022-08-12 20:20:42] Текст ошибки: Ошибочка | Файл C:\OpenServer\domains\shop\public\index.php | Строка 10
 =============
[2022-08-12 20:20:43] Текст ошибки: Ошибочка | Файл C:\OpenServer\domains\shop\public\index.php | Строка 10
 =============
[2022-08-12 20:21:24] Текст ошибки: Ошибочка | Файл C:\OpenServer\domains\shop\public\index.php | Строка 10
 =============
[2022-08-12 20:21:25] Текст ошибки: Ошибочка | Файл C:\OpenServer\domains\shop\public\index.php | Строка 10
 =============
[2022-08-12 20:21:25] Текст ошибки: Ошибочка | Файл C:\OpenServer\domains\shop\public\index.php | Строка 10
 =============
[2022-08-12 20:22:47] Текст ошибки: Ошибочка | Файл C:\OpenServer\domains\shop\public\index.php | Строка 10
 =============
[2022-08-12 20:22:48] Текст ошибки: Ошибочка | Файл C:\OpenServer\domains\shop\public\index.php | Строка 10
 =============
[2022-08-12 20:22:50] Текст ошибки: Ошибочка | Файл C:\OpenServer\domains\shop\public\index.php | Строка 10
 =============
[2022-08-12 20:23:55] Текст ошибки: Ошибочка | Файл C:\OpenServer\domains\shop\public\index.php | Строка 10
 =============
[2022-08-12 20:25:43] Текст ошибки: Ошибочка | Файл C:\OpenServer\domains\shop\public\index.php | Строка 10
 =============
[2022-08-12 20:26:05] Текст ошибки: Ошибочка | Файл C:\OpenServer\domains\shop\public\index.php | Строка 10
 =============
[2022-08-12 20:26:06] Текст ошибки: Ошибочка | Файл C:\OpenServer\domains\shop\public\index.php | Строка 10
 =============
[2022-08-12 20:27:18] Текст ошибки: Ошибочка | Файл C:\OpenServer\domains\shop\public\index.php | Строка 10
 =============
[2022-08-12 20:27:50] Текст ошибки: Ошибочка | Файл C:\OpenServer\domains\shop\public\index.php | Строка 10
 =============
[2022-08-12 20:28:01] Текст ошибки: Ошибочка | Файл C:\OpenServer\domains\shop\public\index.php | Строка 10
 =============
[2022-08-16 18:29:32] Текст ошибки: Undefined array key "admin_prefix" | Файл C:\OpenServer\domains\shop\vendor\wfm\Router.php | Строка 43
 =============
[2022-08-16 18:29:39] Текст ошибки: Undefined array key "admin_prefix" | Файл C:\OpenServer\domains\shop\vendor\wfm\Router.php | Строка 43
 =============
[2022-08-16 19:05:26] Текст ошибки: Контроллер app\controllers\ProductController не найден | Файл C:\OpenServer\domains\shop\vendor\wfm\Router.php | Строка 33
 =============
[2022-08-16 19:08:04] Текст ошибки: Контроллер app\controllers\ProductController не найден | Файл C:\OpenServer\domains\shop\vendor\wfm\Router.php | Строка 37
 =============
[2022-08-16 19:08:50] Текст ошибки: Контроллер app\controllers\MainController не найден | Файл C:\OpenServer\domains\shop\vendor\wfm\Router.php | Строка 37
 =============
[2022-08-16 19:09:43] Текст ошибки: Метод app\controllers\MainController::indexAction не найден | Файл C:\OpenServer\domains\shop\vendor\wfm\Router.php | Строка 34
 =============
