[2021-11-07 11:34:43] Текст ошибки: Undefined variable $test | Файл: D:\Server538\OpenServer\domains\new-ishop.loc\public\index.php | Строка: 13
=================
[2021-11-07 11:35:31] Текст ошибки: Undefined variable $test | Файл: D:\Server538\OpenServer\domains\new-ishop.loc\public\index.php | Строка: 13
=================
[2021-11-07 11:35:49] Текст ошибки: Возникла ошибочка! | Файл: D:\Server538\OpenServer\domains\new-ishop.loc\public\index.php | Строка: 11
=================
[2021-11-07 11:39:43] Текст ошибки: Возникла ошибочка! | Файл: D:\Server538\OpenServer\domains\new-ishop.loc\public\index.php | Строка: 11
=================
[2021-11-07 13:53:27] Текст ошибки: Страница не найдена | Файл: D:\Server538\OpenServer\domains\new-ishop.loc\vendor\wfm\Router.php | Строка: 35
=================
[2021-11-07 13:59:20] Текст ошибки: Контроллер app\controllers\PageController не найден | Файл: D:\Server538\OpenServer\domains\new-ishop.loc\vendor\wfm\Router.php | Строка: 38
=================
[2021-11-07 14:01:07] Текст ошибки: Контроллер app\controllers\PageController не найден | Файл: D:\Server538\OpenServer\domains\new-ishop.loc\vendor\wfm\Router.php | Строка: 42
=================
[2021-11-07 14:01:12] Текст ошибки: Контроллер app\controllers\MainController не найден | Файл: D:\Server538\OpenServer\domains\new-ishop.loc\vendor\wfm\Router.php | Строка: 42
=================
[2021-11-07 14:01:30] Текст ошибки: Контроллер app\controllers\MainController не найден | Файл: D:\Server538\OpenServer\domains\new-ishop.loc\vendor\wfm\Router.php | Строка: 42
=================
[2021-11-07 14:01:45] Текст ошибки: Метод app\controllers\MainController::indexAction не найден | Файл: D:\Server538\OpenServer\domains\new-ishop.loc\vendor\wfm\Router.php | Строка: 39
=================
[2021-11-07 14:02:51] Текст ошибки: Контроллер app\controllers\PageController не найден | Файл: D:\Server538\OpenServer\domains\new-ishop.loc\vendor\wfm\Router.php | Строка: 42
=================
[2021-11-07 14:03:02] Текст ошибки: Метод app\controllers\PageController::viewAction не найден | Файл: D:\Server538\OpenServer\domains\new-ishop.loc\vendor\wfm\Router.php | Строка: 39
=================
[2021-11-07 14:03:34] Текст ошибки: Контроллер app\controllers\admin\MainController не найден | Файл: D:\Server538\OpenServer\domains\new-ishop.loc\vendor\wfm\Router.php | Строка: 42
=================
[2021-11-07 14:04:08] Текст ошибки: Метод app\controllers\admin\MainController::indexAction не найден | Файл: D:\Server538\OpenServer\domains\new-ishop.loc\vendor\wfm\Router.php | Строка: 39
=================
[2021-11-07 14:05:38] Текст ошибки: Страница не найдена | Файл: D:\Server538\OpenServer\domains\new-ishop.loc\vendor\wfm\Router.php | Строка: 46
=================
[2021-11-08 13:22:24] Текст ошибки: Страница не найдена | Файл: D:\Server538\OpenServer\domains\new-ishop.loc\vendor\wfm\Router.php | Строка: 46
=================
[2021-11-08 13:23:12] Текст ошибки: Страница не найдена | Файл: D:\Server538\OpenServer\domains\new-ishop.loc\vendor\wfm\Router.php | Строка: 46
=================
[2021-11-08 13:25:52] Текст ошибки: Страница не найдена | Файл: D:\Server538\OpenServer\domains\new-ishop.loc\vendor\wfm\Router.php | Строка: 46
=================
[2021-11-08 13:26:06] Текст ошибки: Страница не найдена | Файл: D:\Server538\OpenServer\domains\new-ishop.loc\vendor\wfm\Router.php | Строка: 46
=================
[2021-11-08 13:26:15] Текст ошибки: Метод app\controllers\PageController::viewsAction не найден | Файл: D:\Server538\OpenServer\domains\new-ishop.loc\vendor\wfm\Router.php | Строка: 39
=================
[2021-11-08 13:26:37] Текст ошибки: Страница не найдена | Файл: D:\Server538\OpenServer\domains\new-ishop.loc\vendor\wfm\Router.php | Строка: 46
=================
[2021-11-08 13:28:11] Текст ошибки: Страница не найдена | Файл: D:\Server538\OpenServer\domains\new-ishop.loc\vendor\wfm\Router.php | Строка: 46
=================
[2021-11-08 13:28:44] Текст ошибки: Страница не найдена | Файл: D:\Server538\OpenServer\domains\new-ishop.loc\vendor\wfm\Router.php | Строка: 46
=================
[2021-11-08 13:29:08] Текст ошибки: Страница не найдена | Файл: D:\Server538\OpenServer\domains\new-ishop.loc\vendor\wfm\Router.php | Строка: 46
=================
[2021-11-08 13:55:38] Текст ошибки: Страница не найдена | Файл: D:\Server538\OpenServer\domains\new-ishop.loc\vendor\wfm\Router.php | Строка: 62
=================
[2021-11-08 14:16:18] Текст ошибки: Call to undefined method app\controllers\admin\MainController::getModel() | Файл: D:\Server538\OpenServer\domains\new-ishop.loc\vendor\wfm\Router.php | Строка: 49
=================
[2021-11-08 14:16:25] Текст ошибки: Call to undefined method app\controllers\admin\MainController::getModel() | Файл: D:\Server538\OpenServer\domains\new-ishop.loc\vendor\wfm\Router.php | Строка: 49
=================
[2021-11-08 14:22:07] Текст ошибки: Не найден вид D:\Server538\OpenServer\domains\new-ishop.loc/app/view/Main/index.php | Файл: D:\Server538\OpenServer\domains\new-ishop.loc\vendor\wfm\View.php | Строка: 34
=================
[2021-11-08 14:22:23] Текст ошибки: Не найден вид D:\Server538\OpenServer\domains\new-ishop.loc/app/view/Main/index.php | Файл: D:\Server538\OpenServer\domains\new-ishop.loc\vendor\wfm\View.php | Строка: 34
=================
[2021-11-08 14:22:34] Текст ошибки: Не найден вид D:\Server538\OpenServer\domains\new-ishop.loc/app/view/Main/index.php | Файл: D:\Server538\OpenServer\domains\new-ishop.loc\vendor\wfm\View.php | Строка: 34
=================
[2021-11-08 14:23:12] Текст ошибки: Не найден вид D:\Server538\OpenServer\domains\new-ishop.loc/app/view/Main/index.php | Файл: D:\Server538\OpenServer\domains\new-ishop.loc\vendor\wfm\View.php | Строка: 34
=================
[2021-11-08 14:26:26] Текст ошибки: Не найден шаблон D:\Server538\OpenServer\domains\new-ishop.loc/app/views/layouts/ishop.php | Файл: D:\Server538\OpenServer\domains\new-ishop.loc\vendor\wfm\View.php | Строка: 44
=================
[2021-11-08 14:26:52] Текст ошибки: Не найден шаблон D:\Server538\OpenServer\domains\new-ishop.loc/app/views/layouts/test.php | Файл: D:\Server538\OpenServer\domains\new-ishop.loc\vendor\wfm\View.php | Строка: 44
=================
[2021-11-08 14:27:32] Текст ошибки: Не найден шаблон D:\Server538\OpenServer\domains\new-ishop.loc/app/views/layouts/test2.php | Файл: D:\Server538\OpenServer\domains\new-ishop.loc\vendor\wfm\View.php | Строка: 44
=================
[2021-11-08 14:27:47] Текст ошибки: Не найден шаблон D:\Server538\OpenServer\domains\new-ishop.loc/app/views/layouts/ishop.php | Файл: D:\Server538\OpenServer\domains\new-ishop.loc\vendor\wfm\View.php | Строка: 44
=================
[2022-08-18 19:51:21] Текст ошибки: Не найден шаблон C:\OpenServer\domains\shop/app/views/layouts/ishop.php | Файл: C:\OpenServer\domains\shop\vendor\wfm\View.php | Строка: 44
=================
[2022-08-18 19:51:31] Текст ошибки: Не найден шаблон C:\OpenServer\domains\shop/app/views/layouts/ishop.php | Файл: C:\OpenServer\domains\shop\vendor\wfm\View.php | Строка: 44
=================
[2022-08-18 19:54:44] Текст ошибки: Не найден шаблон C:\OpenServer\domains\shop/app/views/layouts/ishop.php | Файл: C:\OpenServer\domains\shop\vendor\wfm\View.php | Строка: 44
=================
[2022-08-22 20:55:26] Текст ошибки: Страница не найдена | Файл: C:\OpenServer\domains\shop\vendor\wfm\Router.php | Строка: 63
=================
[2022-08-23 19:33:24] Текст ошибки: Class "R" not found | Файл: C:\OpenServer\domains\shop\vendor\wfm\Db.php | Строка: 12
=================
[2022-08-23 19:33:25] Текст ошибки: Страница не найдена | Файл: C:\OpenServer\domains\shop\vendor\wfm\Router.php | Строка: 63
=================
